<?xml version="1.0" encoding="UTF-8"?>
<!-- Generated by org.testng.reporters.JUnitReportReporter -->
<testsuite skipped="0" hostname="Sandeep" name="jpmcInterviewSolution.CucumberBDD.TestRunner" tests="3" failures="0" timestamp="2020-11-05T14:37:37 IST" time="8.891" errors="0">
  <testcase name="runScenario" time="6.566" classname="jpmcInterviewSolution.CucumberBDD.TestRunner"/>
  <system-out/>
  <testcase name="runScenario" time="2.264" classname="jpmcInterviewSolution.CucumberBDD.TestRunner"/>
  <system-out/>
  <testcase name="runScenario" time="0.061" classname="jpmcInterviewSolution.CucumberBDD.TestRunner"/>
  <system-out/>
</testsuite> <!-- jpmcInterviewSolution.CucumberBDD.TestRunner -->
