<?xml version="1.0" encoding="UTF-8"?>
<!-- Generated by org.testng.reporters.JUnitReportReporter -->
<testsuite skipped="0" hostname="Sandeep" name="jpmcInterviewSolution.CucumberBDD.TestRunner" tests="3" failures="0" timestamp="2020-11-05T14:41:13 IST" time="8.761" errors="0">
  <testcase name="runScenario" time="2.624" classname="jpmcInterviewSolution.CucumberBDD.TestRunner"/>
  <system-out/>
  <testcase name="runScenario" time="0.061" classname="jpmcInterviewSolution.CucumberBDD.TestRunner"/>
  <system-out/>
  <testcase name="runScenario" time="6.076" classname="jpmcInterviewSolution.CucumberBDD.TestRunner"/>
  <system-out/>
</testsuite> <!-- jpmcInterviewSolution.CucumberBDD.TestRunner -->
